  graph.cpp
C:\Users\YESYESYES\source\repos\Project 4\Project 4\graph.cpp(24,27): warning C4018: '<': signed/unsigned mismatch
C:\Users\YESYESYES\source\repos\Project 4\Project 4\graph.cpp(33,27): warning C4018: '<': signed/unsigned mismatch
C:\Users\YESYESYES\source\repos\Project 4\Project 4\graph.cpp(49,27): warning C4018: '<': signed/unsigned mismatch
C:\Users\YESYESYES\source\repos\Project 4\Project 4\graph.cpp(63,27): warning C4018: '<': signed/unsigned mismatch
C:\Users\YESYESYES\source\repos\Project 4\Project 4\graph.cpp(140,27): warning C4018: '<': signed/unsigned mismatch
C:\Users\YESYESYES\source\repos\Project 4\Project 4\graph.cpp(171,31): warning C4018: '<': signed/unsigned mismatch
C:\Users\YESYESYES\source\repos\Project 4\Project 4\graph.cpp(192,27): warning C4018: '<': signed/unsigned mismatch
C:\Users\YESYESYES\source\repos\Project 4\Project 4\graph.cpp(201,22): warning C4018: '<': signed/unsigned mismatch
C:\Users\YESYESYES\source\repos\Project 4\Project 4\graph.cpp(231,31): warning C4018: '<': signed/unsigned mismatch
C:\Users\YESYESYES\source\repos\Project 4\Project 4\graph.cpp(264,27): warning C4018: '<': signed/unsigned mismatch
C:\Users\YESYESYES\source\repos\Project 4\Project 4\graph.cpp(271,16): warning C4018: '<': signed/unsigned mismatch
C:\Users\YESYESYES\source\repos\Project 4\Project 4\graph.cpp(283,31): warning C4018: '<': signed/unsigned mismatch
C:\Users\YESYESYES\source\repos\Project 4\Project 4\graph.cpp(316,27): warning C4018: '<': signed/unsigned mismatch
C:\Users\YESYESYES\source\repos\Project 4\Project 4\graph.cpp(330,27): warning C4018: '<': signed/unsigned mismatch
C:\Users\YESYESYES\source\repos\Project 4\Project 4\graph.cpp(341,27): warning C4018: '<': signed/unsigned mismatch
C:\Users\YESYESYES\source\repos\Project 4\Project 4\graph.cpp(359,27): warning C4018: '<': signed/unsigned mismatch
C:\Users\YESYESYES\source\repos\Project 4\Project 4\graph.cpp(392,33): warning C4018: '<': signed/unsigned mismatch
C:\Users\YESYESYES\source\repos\Project 4\Project 4\graph.cpp(393,35): warning C4018: '<': signed/unsigned mismatch
C:\Users\YESYESYES\source\repos\Project 4\Project 4\graph.cpp(413,27): warning C4018: '<': signed/unsigned mismatch
C:\Users\YESYESYES\source\repos\Project 4\Project 4\graph.cpp(416,35): warning C4018: '<': signed/unsigned mismatch
C:\Users\YESYESYES\source\repos\Project 4\Project 4\graph.cpp(417,35): warning C4018: '<': signed/unsigned mismatch
C:\Users\YESYESYES\source\repos\Project 4\Project 4\graph.cpp(426,35): warning C4018: '<': signed/unsigned mismatch
  graph_driver.cpp
C:\Users\YESYESYES\source\repos\Project 4\Project 4\graph.cpp(24,27): warning C4018: '<': signed/unsigned mismatch
C:\Users\YESYESYES\source\repos\Project 4\Project 4\graph.cpp(33,27): warning C4018: '<': signed/unsigned mismatch
C:\Users\YESYESYES\source\repos\Project 4\Project 4\graph.cpp(49,27): warning C4018: '<': signed/unsigned mismatch
C:\Users\YESYESYES\source\repos\Project 4\Project 4\graph.cpp(63,27): warning C4018: '<': signed/unsigned mismatch
C:\Users\YESYESYES\source\repos\Project 4\Project 4\graph.cpp(140,27): warning C4018: '<': signed/unsigned mismatch
C:\Users\YESYESYES\source\repos\Project 4\Project 4\graph.cpp(171,31): warning C4018: '<': signed/unsigned mismatch
C:\Users\YESYESYES\source\repos\Project 4\Project 4\graph.cpp(192,27): warning C4018: '<': signed/unsigned mismatch
C:\Users\YESYESYES\source\repos\Project 4\Project 4\graph.cpp(201,22): warning C4018: '<': signed/unsigned mismatch
C:\Users\YESYESYES\source\repos\Project 4\Project 4\graph.cpp(231,31): warning C4018: '<': signed/unsigned mismatch
C:\Users\YESYESYES\source\repos\Project 4\Project 4\graph.cpp(264,27): warning C4018: '<': signed/unsigned mismatch
C:\Users\YESYESYES\source\repos\Project 4\Project 4\graph.cpp(271,16): warning C4018: '<': signed/unsigned mismatch
C:\Users\YESYESYES\source\repos\Project 4\Project 4\graph.cpp(283,31): warning C4018: '<': signed/unsigned mismatch
C:\Users\YESYESYES\source\repos\Project 4\Project 4\graph.cpp(316,27): warning C4018: '<': signed/unsigned mismatch
C:\Users\YESYESYES\source\repos\Project 4\Project 4\graph.cpp(330,27): warning C4018: '<': signed/unsigned mismatch
C:\Users\YESYESYES\source\repos\Project 4\Project 4\graph.cpp(341,27): warning C4018: '<': signed/unsigned mismatch
C:\Users\YESYESYES\source\repos\Project 4\Project 4\graph.cpp(359,27): warning C4018: '<': signed/unsigned mismatch
C:\Users\YESYESYES\source\repos\Project 4\Project 4\graph.cpp(392,33): warning C4018: '<': signed/unsigned mismatch
C:\Users\YESYESYES\source\repos\Project 4\Project 4\graph.cpp(393,35): warning C4018: '<': signed/unsigned mismatch
C:\Users\YESYESYES\source\repos\Project 4\Project 4\graph.cpp(413,27): warning C4018: '<': signed/unsigned mismatch
C:\Users\YESYESYES\source\repos\Project 4\Project 4\graph.cpp(416,35): warning C4018: '<': signed/unsigned mismatch
C:\Users\YESYESYES\source\repos\Project 4\Project 4\graph.cpp(417,35): warning C4018: '<': signed/unsigned mismatch
C:\Users\YESYESYES\source\repos\Project 4\Project 4\graph.cpp(426,35): warning C4018: '<': signed/unsigned mismatch
  Generating Code...
  Project 4.vcxproj -> C:\Users\YESYESYES\source\repos\Project 4\Debug\Project 4.exe
